
########################################################
##### Extensive de-novo TE Annotator (EDTA) v2.0.0  ####
##### Shujun Ou (shujun.ou.1@gmail.com)             ####
########################################################



Tue Apr  5 13:42:13 PDT 2022	Dependency checking:
				All passed!

Tue Apr  5 13:42:20 PDT 2022	The longest sequence ID in the genome contains 38 characters, which is longer than the limit (13)
				Trying to reformat seq IDs...
				Attempt 1...
Tue Apr  5 13:42:22 PDT 2022	Seq ID conversion successful!

	A CDS file /global/u2/l/llei2019/plantbox/cscratch/CSP_Dave/Genome_assembly/Bdist_v3.2/v3.2/annotation/Bdistachyon_556_v3.2.cds_primaryTranscriptOnly.fa is provided via --cds. Please make sure this is the DNA sequence of coding regions only.

Tue Apr  5 13:42:22 PDT 2022	Obtain raw TE libraries using various structure-based programs: 
Tue Apr  5 16:30:03 PDT 2022	Obtain raw TE libraries finished.
				All intact TEs found by EDTA: 
					Bdistachyon_556_v3.0.fa.mod.EDTA.intact.fa
					Bdistachyon_556_v3.0.fa.mod.EDTA.intact.gff3

Tue Apr  5 16:30:03 PDT 2022	Perform EDTA advance filtering for raw TE candidates and generate the stage 1 library: 

Tue Apr  5 17:13:08 PDT 2022	EDTA advance filtering finished.

Tue Apr  5 17:13:08 PDT 2022	Perform EDTA final steps to generate a non-redundant comprehensive TE library:

				Use RepeatModeler to identify any remaining TEs that are missed by structure-based methods.

Tue Apr  5 21:36:55 PDT 2022	Clean up TE-related sequences in the CDS file with TEsorter:

				Remove CDS-related sequences in the EDTA library:

Tue Apr  5 21:59:13 PDT 2022	EDTA final stage finished! You may check out:
				The final EDTA TE library: Bdistachyon_556_v3.0.fa.mod.EDTA.TElib.fa
Tue Apr  5 21:59:13 PDT 2022	Perform post-EDTA analysis for whole-genome annotation:

Tue Apr  5 22:25:56 PDT 2022	TE annotation using the EDTA library has finished! Check out:
				Whole-genome TE annotation (total TE: 36.53%): Bdistachyon_556_v3.0.fa.mod.EDTA.TEanno.gff3
				Whole-genome TE annotation summary: Bdistachyon_556_v3.0.fa.mod.EDTA.TEanno.sum
				Low-threshold TE masking for MAKER gene annotation (masked: 18.23%): Bdistachyon_556_v3.0.fa.mod.MAKER.masked

Tue Apr  5 22:25:56 PDT 2022	Evaluate the level of inconsistency for whole-genome TE annotation (slow step):

Wed Apr  6 14:00:53 PDT 2022	Evaluation of TE annotation finished! Check out these files:

				Overall: Bdistachyon_556_v3.0.fa.mod.EDTA.TE.fa.stat.all.sum
				Nested: Bdistachyon_556_v3.0.fa.mod.EDTA.TE.fa.stat.nested.sum
				Non-nested: Bdistachyon_556_v3.0.fa.mod.EDTA.TE.fa.stat.redun.sum

