Wed May 18 19:29:44 PDT 2022	EDTA_raw: Check dependencies, prepare working directories.

Wed May 18 19:29:49 PDT 2022	Start to find LTR candidates.

Wed May 18 19:29:49 PDT 2022	Existing result file Bmexicanum_577_v1.0.fa.mod.LTR.raw.fa found!
				Will keep this file without rerunning this module.
				Please specify --overwrite 1 if you want to rerun this module.

Wed May 18 19:29:53 PDT 2022	Finish finding LTR candidates.

Wed May 18 19:29:53 PDT 2022	Start to find TIR candidates.

Wed May 18 19:29:53 PDT 2022	Existing result file Bmexicanum_577_v1.0.fa.mod.TIR.raw.fa found!
				Will keep this file without rerunning this module.
				Please specify --overwrite 1 if you want to rerun this module.

Wed May 18 19:29:54 PDT 2022	Finish finding TIR candidates.

Wed May 18 19:29:54 PDT 2022	Start to find Helitron candidates.

Wed May 18 19:29:54 PDT 2022	Existing result file Bmexicanum_577_v1.0.fa.mod.Helitron.raw.fa found!
				Will keep this file without rerunning this module.
				Please specify --overwrite 1 if you want to rerun this module.

Wed May 18 19:29:55 PDT 2022	Finish finding Helitron candidates.

Wed May 18 19:29:55 PDT 2022	Execution of EDTA_raw.pl is finished!

Thu May 19 02:33:29 PDT 2022	Existing RepeatModeler result file Bmexicanum_577_v1.0.fa.mod.RM.consensi.fa found!
				Will keep this file without rerunning this module.
				Please specify --overwrite 1 if you want to rerun this module.

2022-05-19 02:33:32,095 -WARNING- Grid computing is not available because DRMAA not configured properly: Could not find drmaa library.  Please specify its full path using the environment variable DRMAA_LIBRARY_PATH
2022-05-19 02:33:32,113 -INFO- VARS: {'sequence': 'Bmexicanum_577_v1.0.fa.mod.RM.consensi.fa', 'hmm_database': 'rexdb', 'seq_type': 'nucl', 'prefix': 'Bmexicanum_577_v1.0.fa.mod.RM.consensi.fa.rexdb', 'force_write_hmmscan': False, 'processors': 20, 'tmp_dir': './tmp', 'min_coverage': 20, 'max_evalue': 0.001, 'disable_pass2': False, 'pass2_rule': '80-80-80', 'no_library': False, 'no_reverse': False, 'no_cleanup': False, 'p2_identity': 80.0, 'p2_coverage': 80.0, 'p2_length': 80.0}
2022-05-19 02:33:32,113 -INFO- checking dependencies:
2022-05-19 02:33:32,197 -INFO- hmmer	3.3.2	OK
2022-05-19 02:33:32,271 -INFO- blastn	2.10.0+	OK
2022-05-19 02:33:32,272 -INFO- check database rexdb
2022-05-19 02:33:32,273 -INFO- db path: /opt/conda/lib/python3.6/site-packages/TEsorter/database
2022-05-19 02:33:32,273 -INFO- db file: REXdb_protein_database_viridiplantae_v3.0_plus_metazoa_v3.hmm
2022-05-19 02:33:32,273 -INFO- REXdb_protein_database_viridiplantae_v3.0_plus_metazoa_v3.hmm	OK
2022-05-19 02:33:32,273 -INFO- Start classifying pipeline
2022-05-19 02:33:32,383 -INFO- total 2133 sequences
2022-05-19 02:33:32,383 -INFO- translating `Bmexicanum_577_v1.0.fa.mod.RM.consensi.fa` in six frames
/opt/conda/lib/python3.6/site-packages/Bio/Seq.py:2983: BiopythonWarning: Partial codon, len(sequence) not a multiple of three. Explicitly trim the sequence or add trailing N before translation. This may become an error in future.
  BiopythonWarning,
2022-05-19 02:33:34,775 -INFO- HMM scanning against `/opt/conda/lib/python3.6/site-packages/TEsorter/database/REXdb_protein_database_viridiplantae_v3.0_plus_metazoa_v3.hmm`
2022-05-19 02:33:34,790 -INFO- use existed non-empty `Bmexicanum_577_v1.0.fa.mod.RM.consensi.fa.rexdb.domtbl` and skip hmmscan
2022-05-19 02:33:34,790 -INFO- generating gene anntations
2022-05-19 02:33:35,542 -INFO- 125 sequences classified by HMM
2022-05-19 02:33:35,542 -INFO- see protein domain sequences in `Bmexicanum_577_v1.0.fa.mod.RM.consensi.fa.rexdb.dom.faa` and annotation gff3 file in `Bmexicanum_577_v1.0.fa.mod.RM.consensi.fa.rexdb.dom.gff3`
2022-05-19 02:33:35,542 -INFO- classifying the unclassified sequences by searching against the classified ones
2022-05-19 02:33:35,624 -INFO- using the 80-80-80 rule
2022-05-19 02:33:35,624 -INFO- run CMD: `makeblastdb -in ./tmp/pass1_classified.fa -dbtype nucl`
2022-05-19 02:33:35,895 -INFO- run CMD: `blastn -query ./tmp/pass1_unclassified.fa -db ./tmp/pass1_classified.fa -out ./tmp/pass1_unclassified.fa.blastout -outfmt '6 qseqid sseqid pident length mismatch gapopen qstart qend sstart send evalue bitscore qlen slen qcovs qcovhsp sstrand' -num_threads 20`
2022-05-19 02:33:36,504 -INFO- 4 sequences classified in pass 2
2022-05-19 02:33:36,504 -INFO- total 129 sequences classified.
2022-05-19 02:33:36,504 -INFO- see classified sequences in `Bmexicanum_577_v1.0.fa.mod.RM.consensi.fa.rexdb.cls.tsv`
2022-05-19 02:33:36,505 -INFO- writing library for RepeatMasker in `Bmexicanum_577_v1.0.fa.mod.RM.consensi.fa.rexdb.cls.lib`
2022-05-19 02:33:36,715 -INFO- writing classified protein domains in `Bmexicanum_577_v1.0.fa.mod.RM.consensi.fa.rexdb.cls.pep`
2022-05-19 02:33:36,721 -INFO- Summary of classifications:
Order           Superfamily      # of Sequences# of Clade Sequences    # of Clades# of full Domains
LTR             Copia                         8              7              6              0
LTR             Gypsy                        30             30              6              0
pararetrovirus  unknown                       1              0              0              0
LINE            unknown                      56              0              0              0
TIR             EnSpm_CACTA                   4              0              0              0
TIR             MuDR_Mutator                 15              0              0              0
TIR             Tc1_Mariner                   3              0              0              0
TIR             hAT                           3              0              0              0
Helitron        unknown                       9              0              0              0
2022-05-19 02:33:36,722 -INFO- Pipeline done.
2022-05-19 02:33:36,722 -INFO- cleaning the temporary directory ./tmp
2022-05-19 02:57:57,041 -WARNING- Grid computing is not available because DRMAA not configured properly: Could not find drmaa library.  Please specify its full path using the environment variable DRMAA_LIBRARY_PATH
2022-05-19 02:57:57,044 -INFO- VARS: {'sequence': 'Bmexicanum_577_v1.1.cds_primaryTranscriptOnly.fa.code', 'hmm_database': 'rexdb', 'seq_type': 'nucl', 'prefix': 'Bmexicanum_577_v1.1.cds_primaryTranscriptOnly.fa.code.rexdb', 'force_write_hmmscan': False, 'processors': 20, 'tmp_dir': './tmp', 'min_coverage': 20, 'max_evalue': 0.001, 'disable_pass2': False, 'pass2_rule': '80-80-80', 'no_library': False, 'no_reverse': False, 'no_cleanup': False, 'p2_identity': 80.0, 'p2_coverage': 80.0, 'p2_length': 80.0}
2022-05-19 02:57:57,044 -INFO- checking dependencies:
2022-05-19 02:57:57,055 -INFO- hmmer	3.3.2	OK
2022-05-19 02:57:57,119 -INFO- blastn	2.10.0+	OK
2022-05-19 02:57:57,121 -INFO- check database rexdb
2022-05-19 02:57:57,121 -INFO- db path: /opt/conda/lib/python3.6/site-packages/TEsorter/database
2022-05-19 02:57:57,121 -INFO- db file: REXdb_protein_database_viridiplantae_v3.0_plus_metazoa_v3.hmm
2022-05-19 02:57:57,122 -INFO- REXdb_protein_database_viridiplantae_v3.0_plus_metazoa_v3.hmm	OK
2022-05-19 02:57:57,122 -INFO- Start classifying pipeline
2022-05-19 02:57:57,725 -INFO- total 70845 sequences
2022-05-19 02:57:57,725 -INFO- translating `Bmexicanum_577_v1.1.cds_primaryTranscriptOnly.fa.code` in six frames
/opt/conda/lib/python3.6/site-packages/Bio/Seq.py:2983: BiopythonWarning: Partial codon, len(sequence) not a multiple of three. Explicitly trim the sequence or add trailing N before translation. This may become an error in future.
  BiopythonWarning,
2022-05-19 02:59:08,803 -INFO- HMM scanning against `/opt/conda/lib/python3.6/site-packages/TEsorter/database/REXdb_protein_database_viridiplantae_v3.0_plus_metazoa_v3.hmm`
2022-05-19 02:59:11,831 -INFO- Creating server instance (pp-1.6.4.4)
2022-05-19 02:59:11,831 -INFO- Running on Python 3.6.13 linux
2022-05-19 02:59:13,157 -INFO- pp local server started with 20 workers
2022-05-19 02:59:13,219 -INFO- Task 0 started
2022-05-19 02:59:13,221 -INFO- Task 1 started
2022-05-19 02:59:13,221 -INFO- Task 2 started
2022-05-19 02:59:13,222 -INFO- Task 3 started
2022-05-19 02:59:13,223 -INFO- Task 4 started
2022-05-19 02:59:13,223 -INFO- Task 5 started
2022-05-19 02:59:13,224 -INFO- Task 6 started
2022-05-19 02:59:13,224 -INFO- Task 7 started
2022-05-19 02:59:13,225 -INFO- Task 8 started
2022-05-19 02:59:13,226 -INFO- Task 9 started
2022-05-19 02:59:13,227 -INFO- Task 10 started
2022-05-19 02:59:13,227 -INFO- Task 11 started
2022-05-19 02:59:13,228 -INFO- Task 12 started
2022-05-19 02:59:13,229 -INFO- Task 13 started
2022-05-19 02:59:13,229 -INFO- Task 14 started
2022-05-19 02:59:13,229 -INFO- Task 15 started
2022-05-19 02:59:13,230 -INFO- Task 16 started
2022-05-19 02:59:13,231 -INFO- Task 17 started
2022-05-19 02:59:13,231 -INFO- Task 18 started
2022-05-19 02:59:13,232 -INFO- Task 19 started
2022-05-19 03:04:44,902 -INFO- generating gene anntations
2022-05-19 03:04:51,120 -INFO- 2255 sequences classified by HMM
2022-05-19 03:04:51,120 -INFO- see protein domain sequences in `Bmexicanum_577_v1.1.cds_primaryTranscriptOnly.fa.code.rexdb.dom.faa` and annotation gff3 file in `Bmexicanum_577_v1.1.cds_primaryTranscriptOnly.fa.code.rexdb.dom.gff3`
2022-05-19 03:04:51,120 -INFO- classifying the unclassified sequences by searching against the classified ones
2022-05-19 03:04:53,158 -INFO- using the 80-80-80 rule
2022-05-19 03:04:53,158 -INFO- run CMD: `makeblastdb -in ./tmp/pass1_classified.fa -dbtype nucl`
2022-05-19 03:04:53,459 -INFO- run CMD: `blastn -query ./tmp/pass1_unclassified.fa -db ./tmp/pass1_classified.fa -out ./tmp/pass1_unclassified.fa.blastout -outfmt '6 qseqid sseqid pident length mismatch gapopen qstart qend sstart send evalue bitscore qlen slen qcovs qcovhsp sstrand' -num_threads 20`
2022-05-19 03:05:09,162 -INFO- 533 sequences classified in pass 2
2022-05-19 03:05:09,163 -INFO- total 2788 sequences classified.
2022-05-19 03:05:09,163 -INFO- see classified sequences in `Bmexicanum_577_v1.1.cds_primaryTranscriptOnly.fa.code.rexdb.cls.tsv`
2022-05-19 03:05:09,163 -INFO- writing library for RepeatMasker in `Bmexicanum_577_v1.1.cds_primaryTranscriptOnly.fa.code.rexdb.cls.lib`
2022-05-19 03:05:10,628 -INFO- writing classified protein domains in `Bmexicanum_577_v1.1.cds_primaryTranscriptOnly.fa.code.rexdb.cls.pep`
2022-05-19 03:05:10,683 -INFO- Summary of classifications:
Order           Superfamily      # of Sequences# of Clade Sequences    # of Clades# of full Domains
LTR             Bel-Pao                       6              0              0              0
LTR             Copia                       553            387             15              0
LTR             Gypsy                       717            608             16              0
LTR             Retrovirus                    5              0              0              0
LTR             mixture                      10              0              0              0
pararetrovirus  unknown                       4              0              0              0
LINE            unknown                     403              0              0              0
TIR             EnSpm_CACTA                   4              0              0              0
TIR             MuDR_Mutator                222              0              0              0
TIR             Novosib                       1              0              0              0
TIR             PIF_Harbinger                15              0              0              0
TIR             Tc1_Mariner                  28              0              0              0
TIR             hAT                         422              0              0              0
Helitron        unknown                     145              0              0              0
Maverick        unknown                     231              0              0              0
mixture         mixture                      22              0              0              0
2022-05-19 03:05:10,685 -INFO- Pipeline done.
2022-05-19 03:05:10,685 -INFO- cleaning the temporary directory ./tmp
Thu May 19 04:10:10 PDT 2022	Homology-based annotation of TEs using Bmexicanum_577_v1.0.fa.mod.EDTA.TElib.fa from scratch.

