Sun May  1 17:46:30 PDT 2022	EDTA_raw: Check dependencies, prepare working directories.

Sun May  1 17:46:33 PDT 2022	Start to find LTR candidates.

Sun May  1 17:46:33 PDT 2022	Existing result file Sbicolor_454_v3.0.1.fa.mod.LTR.raw.fa found!
				Will keep this file without rerunning this module.
				Please specify --overwrite 1 if you want to rerun this module.

Sun May  1 17:46:34 PDT 2022	Finish finding LTR candidates.

Sun May  1 17:46:34 PDT 2022	Start to find TIR candidates.

Sun May  1 17:46:34 PDT 2022	Existing result file Sbicolor_454_v3.0.1.fa.mod.TIR.raw.fa found!
				Will keep this file without rerunning this module.
				Please specify --overwrite 1 if you want to rerun this module.

Sun May  1 17:46:34 PDT 2022	Finish finding TIR candidates.

Sun May  1 17:46:34 PDT 2022	Start to find Helitron candidates.

Sun May  1 17:46:34 PDT 2022	Existing result file Sbicolor_454_v3.0.1.fa.mod.Helitron.raw.fa found!
				Will keep this file without rerunning this module.
				Please specify --overwrite 1 if you want to rerun this module.

Sun May  1 17:46:35 PDT 2022	Finish finding Helitron candidates.

Sun May  1 17:46:35 PDT 2022	Execution of EDTA_raw.pl is finished!

Sun May  1 20:48:17 PDT 2022	Existing RepeatModeler result file Sbicolor_454_v3.0.1.fa.mod.RM.consensi.fa found!
				Will keep this file without rerunning this module.
				Please specify --overwrite 1 if you want to rerun this module.

2022-05-01 20:48:20,897 -WARNING- Grid computing is not available because DRMAA not configured properly: Could not find drmaa library.  Please specify its full path using the environment variable DRMAA_LIBRARY_PATH
2022-05-01 20:48:20,913 -INFO- VARS: {'sequence': 'Sbicolor_454_v3.0.1.fa.mod.RM.consensi.fa', 'hmm_database': 'rexdb', 'seq_type': 'nucl', 'prefix': 'Sbicolor_454_v3.0.1.fa.mod.RM.consensi.fa.rexdb', 'force_write_hmmscan': False, 'processors': 20, 'tmp_dir': './tmp', 'min_coverage': 20, 'max_evalue': 0.001, 'disable_pass2': False, 'pass2_rule': '80-80-80', 'no_library': False, 'no_reverse': False, 'no_cleanup': False, 'p2_identity': 80.0, 'p2_coverage': 80.0, 'p2_length': 80.0}
2022-05-01 20:48:20,913 -INFO- checking dependencies:
2022-05-01 20:48:21,055 -INFO- hmmer	3.3.2	OK
2022-05-01 20:48:21,126 -INFO- blastn	2.10.0+	OK
2022-05-01 20:48:21,128 -INFO- check database rexdb
2022-05-01 20:48:21,129 -INFO- db path: /opt/conda/lib/python3.6/site-packages/TEsorter/database
2022-05-01 20:48:21,129 -INFO- db file: REXdb_protein_database_viridiplantae_v3.0_plus_metazoa_v3.hmm
2022-05-01 20:48:21,129 -INFO- REXdb_protein_database_viridiplantae_v3.0_plus_metazoa_v3.hmm	OK
2022-05-01 20:48:21,129 -INFO- Start classifying pipeline
2022-05-01 20:48:21,203 -INFO- total 630 sequences
2022-05-01 20:48:21,203 -INFO- translating `Sbicolor_454_v3.0.1.fa.mod.RM.consensi.fa` in six frames
/opt/conda/lib/python3.6/site-packages/Bio/Seq.py:2983: BiopythonWarning: Partial codon, len(sequence) not a multiple of three. Explicitly trim the sequence or add trailing N before translation. This may become an error in future.
  BiopythonWarning,
2022-05-01 20:48:21,705 -INFO- HMM scanning against `/opt/conda/lib/python3.6/site-packages/TEsorter/database/REXdb_protein_database_viridiplantae_v3.0_plus_metazoa_v3.hmm`
2022-05-01 20:48:21,707 -INFO- use existed non-empty `Sbicolor_454_v3.0.1.fa.mod.RM.consensi.fa.rexdb.domtbl` and skip hmmscan
2022-05-01 20:48:21,707 -INFO- generating gene anntations
2022-05-01 20:48:21,849 -INFO- 48 sequences classified by HMM
2022-05-01 20:48:21,849 -INFO- see protein domain sequences in `Sbicolor_454_v3.0.1.fa.mod.RM.consensi.fa.rexdb.dom.faa` and annotation gff3 file in `Sbicolor_454_v3.0.1.fa.mod.RM.consensi.fa.rexdb.dom.gff3`
2022-05-01 20:48:21,849 -INFO- classifying the unclassified sequences by searching against the classified ones
2022-05-01 20:48:21,890 -INFO- using the 80-80-80 rule
2022-05-01 20:48:21,890 -INFO- run CMD: `makeblastdb -in ./tmp/pass1_classified.fa -dbtype nucl`
2022-05-01 20:48:22,104 -INFO- run CMD: `blastn -query ./tmp/pass1_unclassified.fa -db ./tmp/pass1_classified.fa -out ./tmp/pass1_unclassified.fa.blastout -outfmt '6 qseqid sseqid pident length mismatch gapopen qstart qend sstart send evalue bitscore qlen slen qcovs qcovhsp sstrand' -num_threads 20`
2022-05-01 20:48:22,359 -INFO- 6 sequences classified in pass 2
2022-05-01 20:48:22,360 -INFO- total 54 sequences classified.
2022-05-01 20:48:22,360 -INFO- see classified sequences in `Sbicolor_454_v3.0.1.fa.mod.RM.consensi.fa.rexdb.cls.tsv`
2022-05-01 20:48:22,360 -INFO- writing library for RepeatMasker in `Sbicolor_454_v3.0.1.fa.mod.RM.consensi.fa.rexdb.cls.lib`
2022-05-01 20:48:22,400 -INFO- writing classified protein domains in `Sbicolor_454_v3.0.1.fa.mod.RM.consensi.fa.rexdb.cls.pep`
2022-05-01 20:48:22,410 -INFO- Summary of classifications:
Order           Superfamily      # of Sequences# of Clade Sequences    # of Clades# of full Domains
LTR             Gypsy                        15             14              4              0
LINE            unknown                      32              0              0              0
TIR             EnSpm_CACTA                   4              0              0              0
TIR             MuDR_Mutator                  2              0              0              0
TIR             hAT                           1              0              0              0
2022-05-01 20:48:22,411 -INFO- Pipeline done.
2022-05-01 20:48:22,411 -INFO- cleaning the temporary directory ./tmp
2022-05-01 21:04:33,596 -WARNING- Grid computing is not available because DRMAA not configured properly: Could not find drmaa library.  Please specify its full path using the environment variable DRMAA_LIBRARY_PATH
2022-05-01 21:04:33,599 -INFO- VARS: {'sequence': 'Sbicolor_454_v3.1.1.cds_primaryTranscriptOnly.fa.code', 'hmm_database': 'rexdb', 'seq_type': 'nucl', 'prefix': 'Sbicolor_454_v3.1.1.cds_primaryTranscriptOnly.fa.code.rexdb', 'force_write_hmmscan': False, 'processors': 20, 'tmp_dir': './tmp', 'min_coverage': 20, 'max_evalue': 0.001, 'disable_pass2': False, 'pass2_rule': '80-80-80', 'no_library': False, 'no_reverse': False, 'no_cleanup': False, 'p2_identity': 80.0, 'p2_coverage': 80.0, 'p2_length': 80.0}
2022-05-01 21:04:33,599 -INFO- checking dependencies:
2022-05-01 21:04:33,609 -INFO- hmmer	3.3.2	OK
2022-05-01 21:04:33,672 -INFO- blastn	2.10.0+	OK
2022-05-01 21:04:33,673 -INFO- check database rexdb
2022-05-01 21:04:33,673 -INFO- db path: /opt/conda/lib/python3.6/site-packages/TEsorter/database
2022-05-01 21:04:33,673 -INFO- db file: REXdb_protein_database_viridiplantae_v3.0_plus_metazoa_v3.hmm
2022-05-01 21:04:33,673 -INFO- REXdb_protein_database_viridiplantae_v3.0_plus_metazoa_v3.hmm	OK
2022-05-01 21:04:33,673 -INFO- Start classifying pipeline
2022-05-01 21:04:33,978 -INFO- total 34129 sequences
2022-05-01 21:04:33,978 -INFO- translating `Sbicolor_454_v3.1.1.cds_primaryTranscriptOnly.fa.code` in six frames
/opt/conda/lib/python3.6/site-packages/Bio/Seq.py:2983: BiopythonWarning: Partial codon, len(sequence) not a multiple of three. Explicitly trim the sequence or add trailing N before translation. This may become an error in future.
  BiopythonWarning,
2022-05-01 21:05:11,840 -INFO- HMM scanning against `/opt/conda/lib/python3.6/site-packages/TEsorter/database/REXdb_protein_database_viridiplantae_v3.0_plus_metazoa_v3.hmm`
2022-05-01 21:05:13,359 -INFO- Creating server instance (pp-1.6.4.4)
2022-05-01 21:05:13,360 -INFO- Running on Python 3.6.13 linux
2022-05-01 21:05:14,635 -INFO- pp local server started with 20 workers
2022-05-01 21:05:14,687 -INFO- Task 0 started
2022-05-01 21:05:14,689 -INFO- Task 1 started
2022-05-01 21:05:14,690 -INFO- Task 2 started
2022-05-01 21:05:14,690 -INFO- Task 3 started
2022-05-01 21:05:14,691 -INFO- Task 4 started
2022-05-01 21:05:14,692 -INFO- Task 5 started
2022-05-01 21:05:14,693 -INFO- Task 6 started
2022-05-01 21:05:14,694 -INFO- Task 7 started
2022-05-01 21:05:14,694 -INFO- Task 8 started
2022-05-01 21:05:14,695 -INFO- Task 9 started
2022-05-01 21:05:14,696 -INFO- Task 10 started
2022-05-01 21:05:14,697 -INFO- Task 11 started
2022-05-01 21:05:14,698 -INFO- Task 12 started
2022-05-01 21:05:14,698 -INFO- Task 13 started
2022-05-01 21:05:14,699 -INFO- Task 14 started
2022-05-01 21:05:14,700 -INFO- Task 15 started
2022-05-01 21:05:14,700 -INFO- Task 16 started
2022-05-01 21:05:14,701 -INFO- Task 17 started
2022-05-01 21:05:14,702 -INFO- Task 18 started
2022-05-01 21:05:14,703 -INFO- Task 19 started
2022-05-01 21:08:09,426 -INFO- generating gene anntations
2022-05-01 21:08:12,110 -INFO- 496 sequences classified by HMM
2022-05-01 21:08:12,111 -INFO- see protein domain sequences in `Sbicolor_454_v3.1.1.cds_primaryTranscriptOnly.fa.code.rexdb.dom.faa` and annotation gff3 file in `Sbicolor_454_v3.1.1.cds_primaryTranscriptOnly.fa.code.rexdb.dom.gff3`
2022-05-01 21:08:12,111 -INFO- classifying the unclassified sequences by searching against the classified ones
2022-05-01 21:08:13,148 -INFO- using the 80-80-80 rule
2022-05-01 21:08:13,148 -INFO- run CMD: `makeblastdb -in ./tmp/pass1_classified.fa -dbtype nucl`
2022-05-01 21:08:13,437 -INFO- run CMD: `blastn -query ./tmp/pass1_unclassified.fa -db ./tmp/pass1_classified.fa -out ./tmp/pass1_unclassified.fa.blastout -outfmt '6 qseqid sseqid pident length mismatch gapopen qstart qend sstart send evalue bitscore qlen slen qcovs qcovhsp sstrand' -num_threads 20`
2022-05-01 21:08:22,192 -INFO- 82 sequences classified in pass 2
2022-05-01 21:08:22,192 -INFO- total 578 sequences classified.
2022-05-01 21:08:22,192 -INFO- see classified sequences in `Sbicolor_454_v3.1.1.cds_primaryTranscriptOnly.fa.code.rexdb.cls.tsv`
2022-05-01 21:08:22,192 -INFO- writing library for RepeatMasker in `Sbicolor_454_v3.1.1.cds_primaryTranscriptOnly.fa.code.rexdb.cls.lib`
2022-05-01 21:08:22,945 -INFO- writing classified protein domains in `Sbicolor_454_v3.1.1.cds_primaryTranscriptOnly.fa.code.rexdb.cls.pep`
2022-05-01 21:08:22,956 -INFO- Summary of classifications:
Order           Superfamily      # of Sequences# of Clade Sequences    # of Clades# of full Domains
LTR             Bel-Pao                       5              0              0              0
LTR             Copia                       261            201             13              0
LTR             Gypsy                        69             65             14              2
LTR             Retrovirus                    3              0              0              0
LTR             mixture                       1              0              0              0
pararetrovirus  unknown                       1              0              0              0
Penelope        unknown                       2              0              0              0
LINE            unknown                      56              0              0              0
TIR             EnSpm_CACTA                  13              0              0              0
TIR             MuDR_Mutator                 55              0              0              0
TIR             Novosib                       1              0              0              0
TIR             PIF_Harbinger                 1              0              0              0
TIR             hAT                          10              0              0              0
Helitron        unknown                       2              0              0              0
Maverick        unknown                      96              0              0              0
mixture         mixture                       2              0              0              0
2022-05-01 21:08:22,958 -INFO- Pipeline done.
2022-05-01 21:08:22,958 -INFO- cleaning the temporary directory ./tmp
Sun May  1 21:43:46 PDT 2022	Homology-based annotation of TEs using Sbicolor_454_v3.0.1.fa.mod.EDTA.TElib.fa from scratch.

slurmstepd: error: *** JOB 3014952 ON exvivo008 CANCELLED AT 2022-05-05T17:46:38 DUE TO TIME LIMIT ***
