
########################################################
##### Extensive de-novo TE Annotator (EDTA) v2.0.0  ####
##### Shujun Ou (shujun.ou.1@gmail.com)             ####
########################################################



Fri Apr  8 17:00:14 PDT 2022	Dependency checking:
				All passed!

	A CDS file /global/u2/l/llei2019/plantbox/cscratch/CSP_Dave/Genome_assembly/OsativaKitaake/annotation/OsativaKitaake_499_v3.1.cds_primaryTranscriptOnly.fa is provided via --cds. Please make sure this is the DNA sequence of coding regions only.

Fri Apr  8 17:00:22 PDT 2022	Obtain raw TE libraries using various structure-based programs: 
Fri Apr  8 21:22:32 PDT 2022	Obtain raw TE libraries finished.
				All intact TEs found by EDTA: 
					OsativaKitaake_499_v3.0.fa.mod.EDTA.intact.fa
					OsativaKitaake_499_v3.0.fa.mod.EDTA.intact.gff3

Fri Apr  8 21:22:32 PDT 2022	Perform EDTA advance filtering for raw TE candidates and generate the stage 1 library: 

Fri Apr  8 22:57:27 PDT 2022	EDTA advance filtering finished.

Fri Apr  8 22:57:27 PDT 2022	Perform EDTA final steps to generate a non-redundant comprehensive TE library:

				Use RepeatModeler to identify any remaining TEs that are missed by structure-based methods.

Sat Apr  9 05:15:12 PDT 2022	Clean up TE-related sequences in the CDS file with TEsorter:

				Remove CDS-related sequences in the EDTA library:

Sat Apr  9 06:22:00 PDT 2022	EDTA final stage finished! You may check out:
				The final EDTA TE library: OsativaKitaake_499_v3.0.fa.mod.EDTA.TElib.fa
Sat Apr  9 06:22:00 PDT 2022	Perform post-EDTA analysis for whole-genome annotation:

Sat Apr  9 07:41:31 PDT 2022	TE annotation using the EDTA library has finished! Check out:
				Whole-genome TE annotation (total TE: 49.45%): OsativaKitaake_499_v3.0.fa.mod.EDTA.TEanno.gff3
				Whole-genome TE annotation summary: OsativaKitaake_499_v3.0.fa.mod.EDTA.TEanno.sum
				Low-threshold TE masking for MAKER gene annotation (masked: 24.61%): OsativaKitaake_499_v3.0.fa.mod.MAKER.masked

Sat Apr  9 07:41:31 PDT 2022	Evaluate the level of inconsistency for whole-genome TE annotation (slow step):

Mon Apr 11 10:53:15 PDT 2022	Evaluation of TE annotation finished! Check out these files:

				Overall: OsativaKitaake_499_v3.0.fa.mod.EDTA.TE.fa.stat.all.sum
				Nested: OsativaKitaake_499_v3.0.fa.mod.EDTA.TE.fa.stat.nested.sum
				Non-nested: OsativaKitaake_499_v3.0.fa.mod.EDTA.TE.fa.stat.redun.sum

